<?xml version="1.0" encoding="UTF-8"?>
<testsuite xmlns:xsi="http://www.w3.org/2001/XMLSchema-instance" xsi:noNamespaceSchemaLocation="https://maven.apache.org/surefire/maven-surefire-plugin/xsd/surefire-test-report-3.0.xsd" version="3.0" name="drools.project.a.RuleTest" time="0.818" tests="1" errors="1" skipped="0" failures="0">
  <properties>
    <property name="awt.toolkit" value="sun.awt.X11.XToolkit"/>
    <property name="file.encoding.pkg" value="sun.io"/>
    <property name="java.specification.version" value="1.8"/>
    <property name="sun.cpu.isalist" value=""/>
    <property name="sun.jnu.encoding" value="UTF-8"/>
    <property name="java.class.path" value="/home/kh/develop/scratch/multiple-kjars/drools-project-a/target/test-classes:/home/kh/develop/scratch/multiple-kjars/drools-project-a/target/classes:/home/kh/.m2/repository/com/example/drools-project-b/1.0-SNAPSHOT/drools-project-b-1.0-SNAPSHOT.jar:/home/kh/.m2/repository/org/drools/drools-compiler/7.7.0.Final/drools-compiler-7.7.0.Final.jar:/home/kh/.m2/repository/org/drools/drools-core/7.7.0.Final/drools-core-7.7.0.Final.jar:/home/kh/.m2/repository/commons-codec/commons-codec/1.10/commons-codec-1.10.jar:/home/kh/.m2/repository/org/kie/kie-api/7.7.0.Final/kie-api-7.7.0.Final.jar:/home/kh/.m2/repository/org/kie/kie-internal/7.7.0.Final/kie-internal-7.7.0.Final.jar:/home/kh/.m2/repository/org/kie/soup/kie-soup-maven-support/7.7.0.Final/kie-soup-maven-support-7.7.0.Final.jar:/home/kh/.m2/repository/org/kie/soup/kie-soup-commons/7.7.0.Final/kie-soup-commons-7.7.0.Final.jar:/home/kh/.m2/repository/org/kie/soup/kie-soup-project-datamodel-commons/7.7.0.Final/kie-soup-project-datamodel-commons-7.7.0.Final.jar:/home/kh/.m2/repository/org/kie/soup/kie-soup-project-datamodel-api/7.7.0.Final/kie-soup-project-datamodel-api-7.7.0.Final.jar:/home/kh/.m2/repository/org/antlr/antlr-runtime/3.5.2/antlr-runtime-3.5.2.jar:/home/kh/.m2/repository/org/eclipse/jdt/core/compiler/ecj/4.4.2/ecj-4.4.2.jar:/home/kh/.m2/repository/org/mvel/mvel2/2.4.0.Final/mvel2-2.4.0.Final.jar:/home/kh/.m2/repository/com/thoughtworks/xstream/xstream/1.4.10/xstream-1.4.10.jar:/home/kh/.m2/repository/xmlpull/xmlpull/1.1.3.1/xmlpull-1.1.3.1.jar:/home/kh/.m2/repository/xpp3/xpp3_min/1.1.4c/xpp3_min-1.1.4c.jar:/home/kh/.m2/repository/com/google/protobuf/protobuf-java/2.6.0/protobuf-java-2.6.0.jar:/home/kh/.m2/repository/org/slf4j/slf4j-api/1.7.25/slf4j-api-1.7.25.jar:/home/kh/.m2/repository/junit/junit/4.12/junit-4.12.jar:/home/kh/.m2/repository/org/hamcrest/hamcrest-core/1.3/hamcrest-core-1.3.jar:/home/kh/.m2/repository/org/slf4j/slf4j-log4j12/1.7.25/slf4j-log4j12-1.7.25.jar:/home/kh/.m2/repository/log4j/log4j/1.2.17/log4j-1.2.17.jar:"/>
    <property name="java.vm.vendor" value="Oracle Corporation"/>
    <property name="sun.arch.data.model" value="64"/>
    <property name="java.vendor.url" value="http://java.oracle.com/"/>
    <property name="user.timezone" value=""/>
    <property name="java.vm.specification.version" value="1.8"/>
    <property name="os.name" value="Linux"/>
    <property name="user.country" value="US"/>
    <property name="sun.java.launcher" value="SUN_STANDARD"/>
    <property name="sun.boot.library.path" value="/usr/lib/jvm/java-1.8.0-openjdk-1.8.0.201.b09-6.fc30.x86_64/jre/lib/amd64"/>
    <property name="sun.java.command" value="/home/kh/develop/scratch/multiple-kjars/drools-project-a/target/surefire/surefirebooter7103044151301826209.jar /home/kh/develop/scratch/multiple-kjars/drools-project-a/target/surefire 2019-10-02T12-30-10_853-jvmRun1 surefire3829518194384826776tmp surefire_08819976001414932748tmp"/>
    <property name="surefire.test.class.path" value="/home/kh/develop/scratch/multiple-kjars/drools-project-a/target/test-classes:/home/kh/develop/scratch/multiple-kjars/drools-project-a/target/classes:/home/kh/.m2/repository/com/example/drools-project-b/1.0-SNAPSHOT/drools-project-b-1.0-SNAPSHOT.jar:/home/kh/.m2/repository/org/drools/drools-compiler/7.7.0.Final/drools-compiler-7.7.0.Final.jar:/home/kh/.m2/repository/org/drools/drools-core/7.7.0.Final/drools-core-7.7.0.Final.jar:/home/kh/.m2/repository/commons-codec/commons-codec/1.10/commons-codec-1.10.jar:/home/kh/.m2/repository/org/kie/kie-api/7.7.0.Final/kie-api-7.7.0.Final.jar:/home/kh/.m2/repository/org/kie/kie-internal/7.7.0.Final/kie-internal-7.7.0.Final.jar:/home/kh/.m2/repository/org/kie/soup/kie-soup-maven-support/7.7.0.Final/kie-soup-maven-support-7.7.0.Final.jar:/home/kh/.m2/repository/org/kie/soup/kie-soup-commons/7.7.0.Final/kie-soup-commons-7.7.0.Final.jar:/home/kh/.m2/repository/org/kie/soup/kie-soup-project-datamodel-commons/7.7.0.Final/kie-soup-project-datamodel-commons-7.7.0.Final.jar:/home/kh/.m2/repository/org/kie/soup/kie-soup-project-datamodel-api/7.7.0.Final/kie-soup-project-datamodel-api-7.7.0.Final.jar:/home/kh/.m2/repository/org/antlr/antlr-runtime/3.5.2/antlr-runtime-3.5.2.jar:/home/kh/.m2/repository/org/eclipse/jdt/core/compiler/ecj/4.4.2/ecj-4.4.2.jar:/home/kh/.m2/repository/org/mvel/mvel2/2.4.0.Final/mvel2-2.4.0.Final.jar:/home/kh/.m2/repository/com/thoughtworks/xstream/xstream/1.4.10/xstream-1.4.10.jar:/home/kh/.m2/repository/xmlpull/xmlpull/1.1.3.1/xmlpull-1.1.3.1.jar:/home/kh/.m2/repository/xpp3/xpp3_min/1.1.4c/xpp3_min-1.1.4c.jar:/home/kh/.m2/repository/com/google/protobuf/protobuf-java/2.6.0/protobuf-java-2.6.0.jar:/home/kh/.m2/repository/org/slf4j/slf4j-api/1.7.25/slf4j-api-1.7.25.jar:/home/kh/.m2/repository/junit/junit/4.12/junit-4.12.jar:/home/kh/.m2/repository/org/hamcrest/hamcrest-core/1.3/hamcrest-core-1.3.jar:/home/kh/.m2/repository/org/slf4j/slf4j-log4j12/1.7.25/slf4j-log4j12-1.7.25.jar:/home/kh/.m2/repository/log4j/log4j/1.2.17/log4j-1.2.17.jar:"/>
    <property name="sun.cpu.endian" value="little"/>
    <property name="user.home" value="/home/kh"/>
    <property name="user.language" value="en"/>
    <property name="java.specification.vendor" value="Oracle Corporation"/>
    <property name="java.home" value="/usr/lib/jvm/java-1.8.0-openjdk-1.8.0.201.b09-6.fc30.x86_64/jre"/>
    <property name="basedir" value="/home/kh/develop/scratch/multiple-kjars/drools-project-a"/>
    <property name="file.separator" value="/"/>
    <property name="line.separator" value="&#10;"/>
    <property name="java.vm.specification.vendor" value="Oracle Corporation"/>
    <property name="java.specification.name" value="Java Platform API Specification"/>
    <property name="java.awt.graphicsenv" value="sun.awt.X11GraphicsEnvironment"/>
    <property name="surefire.real.class.path" value="/home/kh/develop/scratch/multiple-kjars/drools-project-a/target/surefire/surefirebooter7103044151301826209.jar"/>
    <property name="sun.boot.class.path" value="/usr/lib/jvm/java-1.8.0-openjdk-1.8.0.201.b09-6.fc30.x86_64/jre/lib/resources.jar:/usr/lib/jvm/java-1.8.0-openjdk-1.8.0.201.b09-6.fc30.x86_64/jre/lib/rt.jar:/usr/lib/jvm/java-1.8.0-openjdk-1.8.0.201.b09-6.fc30.x86_64/jre/lib/sunrsasign.jar:/usr/lib/jvm/java-1.8.0-openjdk-1.8.0.201.b09-6.fc30.x86_64/jre/lib/jsse.jar:/usr/lib/jvm/java-1.8.0-openjdk-1.8.0.201.b09-6.fc30.x86_64/jre/lib/jce.jar:/usr/lib/jvm/java-1.8.0-openjdk-1.8.0.201.b09-6.fc30.x86_64/jre/lib/charsets.jar:/usr/lib/jvm/java-1.8.0-openjdk-1.8.0.201.b09-6.fc30.x86_64/jre/lib/jfr.jar:/usr/lib/jvm/java-1.8.0-openjdk-1.8.0.201.b09-6.fc30.x86_64/jre/classes"/>
    <property name="sun.management.compiler" value="HotSpot 64-Bit Tiered Compilers"/>
    <property name="java.runtime.version" value="1.8.0_201-b09"/>
    <property name="user.name" value="kh"/>
    <property name="path.separator" value=":"/>
    <property name="os.version" value="5.2.11-200.fc30.x86_64"/>
    <property name="java.endorsed.dirs" value="/usr/lib/jvm/java-1.8.0-openjdk-1.8.0.201.b09-6.fc30.x86_64/jre/lib/endorsed"/>
    <property name="java.runtime.name" value="OpenJDK Runtime Environment"/>
    <property name="file.encoding" value="UTF-8"/>
    <property name="java.vm.name" value="OpenJDK 64-Bit Server VM"/>
    <property name="localRepository" value="/home/kh/.m2/repository"/>
    <property name="java.vendor.url.bug" value="http://bugreport.sun.com/bugreport/"/>
    <property name="java.io.tmpdir" value="/tmp"/>
    <property name="java.version" value="1.8.0_201"/>
    <property name="user.dir" value="/home/kh/develop/scratch/multiple-kjars/drools-project-a"/>
    <property name="os.arch" value="amd64"/>
    <property name="java.vm.specification.name" value="Java Virtual Machine Specification"/>
    <property name="java.awt.printerjob" value="sun.print.PSPrinterJob"/>
    <property name="sun.os.patch.level" value="unknown"/>
    <property name="java.library.path" value="/usr/java/packages/lib/amd64:/usr/lib64:/lib64:/lib:/usr/lib"/>
    <property name="java.vm.info" value="mixed mode"/>
    <property name="java.vendor" value="Oracle Corporation"/>
    <property name="java.vm.version" value="25.201-b09"/>
    <property name="java.ext.dirs" value="/usr/lib/jvm/java-1.8.0-openjdk-1.8.0.201.b09-6.fc30.x86_64/jre/lib/ext:/usr/java/packages/lib/ext"/>
    <property name="sun.io.unicode.encoding" value="UnicodeLittle"/>
    <property name="java.class.version" value="52.0"/>
  </properties>
  <testcase name="test" classname="drools.project.a.RuleTest" time="0.741">
    <error message="Cannot find a default KieBase" type="java.lang.RuntimeException">java.lang.RuntimeException: Cannot find a default KieBase
	at drools.project.a.RuleTest.test(RuleTest.java:57)
</error>
    <system-out><![CDATA[2019-10-02 12:30:11,339 INFO  [org.kie.api.internal.utils.ServiceDiscoveryImpl] (main) Loading kie.conf from  
2019-10-02 12:30:11,340 INFO  [org.kie.api.internal.utils.ServiceDiscoveryImpl] (main) Discovered kie.conf url=jar:file:/home/kh/.m2/repository/org/drools/drools-compiler/7.7.0.Final/drools-compiler-7.7.0.Final.jar!/META-INF/kie.conf 
2019-10-02 12:30:11,349 INFO  [org.kie.api.internal.utils.ServiceDiscoveryImpl] (main) Adding Service org.drools.compiler.kie.builder.impl.KieServicesImpl

2019-10-02 12:30:11,353 INFO  [org.kie.api.internal.utils.ServiceDiscoveryImpl] (main) Adding Service org.drools.compiler.builder.impl.KnowledgeBuilderFactoryServiceImpl

2019-10-02 12:30:11,354 INFO  [org.kie.api.internal.utils.ServiceDiscoveryImpl] (main) Loading kie.conf from  
2019-10-02 12:30:11,355 INFO  [org.kie.api.internal.utils.ServiceDiscoveryImpl] (main) Discovered kie.conf url=jar:file:/home/kh/.m2/repository/org/drools/drools-core/7.7.0.Final/drools-core-7.7.0.Final.jar!/META-INF/kie.conf 
2019-10-02 12:30:11,358 INFO  [org.kie.api.internal.utils.ServiceDiscoveryImpl] (main) Adding Service org.drools.core.io.impl.ResourceFactoryServiceImpl

2019-10-02 12:30:11,360 INFO  [org.kie.api.internal.utils.ServiceDiscoveryImpl] (main) Adding Service org.drools.core.marshalling.impl.MarshallerProviderImpl

2019-10-02 12:30:11,360 INFO  [org.kie.api.internal.utils.ServiceDiscoveryImpl] (main) Adding Service org.drools.core.concurrent.ExecutorProviderImpl

2019-10-02 12:30:11,360 INFO  [org.kie.api.internal.utils.ServiceDiscoveryImpl] (main) Loading kie.conf from  
2019-10-02 12:30:11,361 INFO  [org.kie.api.internal.utils.ServiceDiscoveryImpl] (main) Discovered kie.conf url=jar:file:/home/kh/.m2/repository/org/kie/kie-internal/7.7.0.Final/kie-internal-7.7.0.Final.jar!/META-INF/kie.conf 
2019-10-02 12:30:11,362 INFO  [org.kie.api.internal.utils.ServiceDiscoveryImpl] (main) Adding Service org.kie.internal.services.KieWeaversImpl

2019-10-02 12:30:11,363 INFO  [org.kie.api.internal.utils.ServiceDiscoveryImpl] (main) Adding Service org.kie.internal.services.KieBeliefsImpl

2019-10-02 12:30:11,364 INFO  [org.kie.api.internal.utils.ServiceDiscoveryImpl] (main) Adding Service org.kie.internal.services.KieAssemblersImpl

2019-10-02 12:30:11,366 INFO  [org.kie.api.internal.utils.ServiceDiscoveryImpl] (main) Adding Service org.kie.internal.services.KieRuntimesImpl

2019-10-02 12:30:11,388 INFO  [org.drools.compiler.kie.builder.impl.ClasspathKieProject] (main) Found kmodule: file:/home/kh/develop/scratch/multiple-kjars/drools-project-a/target/classes/META-INF/kmodule.xml
2019-10-02 12:30:11,575 WARN  [org.drools.compiler.kie.builder.impl.ClasspathKieProject] (main) Unable to find pom.properties in /home/kh/develop/scratch/multiple-kjars/drools-project-a/target/classes
2019-10-02 12:30:11,580 INFO  [org.drools.compiler.kie.builder.impl.ClasspathKieProject] (main) Recursed up folders, found and used pom.xml /home/kh/develop/scratch/multiple-kjars/drools-project-a/pom.xml
2019-10-02 12:30:11,585 INFO  [org.drools.compiler.kie.builder.impl.KieRepositoryImpl] (main) KieModule was added: FileKieModule[releaseId=com.example:drools-project-a:1.0-SNAPSHOT,file=/home/kh/develop/scratch/multiple-kjars/drools-project-a/target/classes]
2019-10-02 12:30:11,585 INFO  [org.drools.compiler.kie.builder.impl.ClasspathKieProject] (main) Found kmodule: jar:file:/home/kh/.m2/repository/com/example/drools-project-b/1.0-SNAPSHOT/drools-project-b-1.0-SNAPSHOT.jar!/META-INF/kmodule.xml
2019-10-02 12:30:11,593 INFO  [org.drools.compiler.kie.builder.impl.KieRepositoryImpl] (main) KieModule was added: ZipKieModule[releaseId=com.example:drools-project-b:1.0-SNAPSHOT,file=/home/kh/.m2/repository/com/example/drools-project-b/1.0-SNAPSHOT/drools-project-b-1.0-SNAPSHOT.jar]
2019-10-02 12:30:11,593 WARN  [org.drools.compiler.kie.builder.impl.KieProject] (main) Found more than one default KieBase: disabling all. KieBases will be accessible only by name
2019-10-02 12:30:11,593 WARN  [org.drools.compiler.kie.builder.impl.KieProject] (main) Found more than one default StatelessKieSession: disabling all. StatelessKieSessions will be accessible only by name
2019-10-02 12:30:11,593 WARN  [org.drools.compiler.kie.builder.impl.KieProject] (main) Found more than one default KieSession: disabling all. KieSessions will be accessible only by name
2019-10-02 12:30:12,071 INFO  [drools.project.a.RuleTest] (main) Creating kieBase
]]></system-out>
  </testcase>
</testsuite>